<?xml version="1.0" encoding="UTF-8"?>
<!-- Generated by org.testng.reporters.JUnitReportReporter -->
<testsuite hostname="5CG1373SWW" failures="0" tests="4" name="AnnotationEX2" time="0.009" errors="0" timestamp="2022-01-09T23:48:48 IST" skipped="0">
  <testcase classname="AnnotationEX2" name="substraction" time="0.001"/>
  <system-out/>
  <testcase classname="AnnotationEX2" name="Division" time="0.001"/>
  <system-out/>
  <testcase classname="AnnotationEX2" name="Multiplication" time="0.003"/>
  <system-out/>
  <testcase classname="AnnotationEX2" name="Addition" time="0.004"/>
  <system-out/>
</testsuite> <!-- AnnotationEX2 -->
