<?xml version="1.0" encoding="UTF-8"?>
<!-- Generated by org.testng.reporters.JUnitReportReporter -->
<testsuite hostname="5CG1373SWW" failures="0" tests="5" name="raj.EX1Priority" time="0.022" errors="0" timestamp="2022-01-12T21:40:23 IST" skipped="0">
  <testcase classname="raj.EX1Priority" name="Order" time="0.015"/>
  <system-out/>
  <testcase classname="raj.EX1Priority" name="Order3" time="0.002"/>
  <system-out/>
  <testcase classname="raj.EX1Priority" name="Order1" time="0.002"/>
  <system-out/>
  <testcase classname="raj.EX1Priority" name="test1" time="0.002"/>
  <system-out/>
  <testcase classname="raj.EX1Priority" name="Apple" time="0.001"/>
  <system-out/>
</testsuite> <!-- raj.EX1Priority -->
