<?xml version="1.0" encoding="UTF-8"?>
<!-- Generated by org.testng.reporters.JUnitReportReporter -->
<testsuite hostname="5CG1373SWW" failures="0" tests="1" name="LaunchGoogle" time="18.441" errors="0" timestamp="2022-01-11T18:15:43 IST" skipped="0">
  <testcase classname="LaunchGoogle" name="google" time="18.441"/>
  <system-out/>
</testsuite> <!-- LaunchGoogle -->
