<?xml version="1.0" encoding="UTF-8"?>
<!-- Generated by org.testng.reporters.JUnitReportReporter -->
<testsuite hostname="5CG1373SWW" failures="0" tests="2" name="EX1Testng" time="0.016" errors="0" timestamp="2022-01-09T21:16:12 IST" skipped="0">
  <testcase classname="EX1Testng" name="Substraction" time="0.003"/>
  <system-out/>
  <testcase classname="EX1Testng" name="Addition" time="0.013"/>
  <system-out/>
</testsuite> <!-- EX1Testng -->
