<?xml version="1.0" encoding="UTF-8"?>
<!-- Generated by org.testng.reporters.JUnitReportReporter -->
<testsuite hostname="5CG1373SWW" failures="0" tests="2" name="AnnotationEX1" time="0.023" errors="0" timestamp="2022-01-09T23:02:34 IST" skipped="0">
  <testcase classname="AnnotationEX1" name="method7" time="0.012"/>
  <system-out/>
  <testcase classname="AnnotationEX1" name="method2" time="0.011"/>
  <system-out/>
</testsuite> <!-- AnnotationEX1 -->
