<?xml version="1.0" encoding="UTF-8"?>
<!-- Generated by org.testng.reporters.JUnitReportReporter -->
<testsuite hostname="5CG1373SWW" failures="0" tests="5" name="raj.EX3Testng" time="0.030" errors="0" timestamp="2022-01-12T21:30:58 IST" skipped="0">
  <testcase classname="raj.EX3Testng" name="Order" time="0.003"/>
  <system-out/>
  <testcase classname="raj.EX3Testng" name="test1" time="0.002"/>
  <system-out/>
  <testcase classname="raj.EX3Testng" name="Order1" time="0.003"/>
  <system-out/>
  <testcase classname="raj.EX3Testng" name="Order3" time="0.003"/>
  <system-out/>
  <testcase classname="raj.EX3Testng" name="Apple" time="0.019"/>
  <system-out/>
</testsuite> <!-- raj.EX3Testng -->
