<?xml version="1.0" encoding="UTF-8"?>
<!-- Generated by org.testng.reporters.JUnitReportReporter -->
<testsuite hostname="5CG1373SWW" failures="0" tests="1" name="EX2Testng" time="0.015" errors="0" timestamp="2022-01-09T21:24:01 IST" skipped="0">
  <testcase classname="EX2Testng" name="calltests" time="0.015"/>
  <system-out/>
</testsuite> <!-- EX2Testng -->
