<?xml version="1.0" encoding="UTF-8"?>
<!-- Generated by org.testng.reporters.JUnitReportReporter -->
<testsuite hostname="5CG1373SWW" failures="0" tests="2" name="AnnotationHierarchyEX1" time="0.009" errors="0" timestamp="2022-01-10T17:50:34 IST" skipped="0">
  <testcase classname="AnnotationHierarchyEX1" name="Actualtestcase2" time="0.002"/>
  <system-out/>
  <testcase classname="AnnotationHierarchyEX1" name="Actualtestcase1" time="0.007"/>
  <system-out/>
</testsuite> <!-- AnnotationHierarchyEX1 -->
