<?xml version="1.0" encoding="UTF-8"?>
<!-- Generated by org.testng.reporters.JUnitReportReporter -->
<testsuite hostname="5CG1373SWW" failures="0" tests="1" name="Testcases.Testcase1scroll" time="0.499" errors="0" timestamp="2022-01-19T18:26:14 IST" skipped="0">
  <testcase classname="Testcases.Testcase1scroll" name="scrollTest" time="0.499"/>
  <system-out/>
</testsuite> <!-- Testcases.Testcase1scroll -->
