<?xml version="1.0" encoding="UTF-8"?>
<!-- Generated by org.testng.reporters.JUnitReportReporter -->
<testsuite hostname="5CG1373SWW" failures="0" tests="1" name="Testcases.Testcase3dropdown" time="3.350" errors="0" timestamp="2022-01-19T22:57:01 IST" skipped="0">
  <testcase classname="Testcases.Testcase3dropdown" name="Testing1" time="3.350"/>
  <system-out/>
</testsuite> <!-- Testcases.Testcase3dropdown -->
