<?xml version="1.0" encoding="UTF-8"?>
<!-- Generated by org.testng.reporters.JUnitReportReporter -->
<testsuite hostname="5CG1373SWW" failures="0" tests="1" name="Samplemaven.Ex1.addition" time="0.020" errors="0" timestamp="2022-01-19T12:13:22 IST" skipped="0">
  <testcase classname="Samplemaven.Ex1.addition" name="add" time="0.020"/>
  <system-out/>
</testsuite> <!-- Samplemaven.Ex1.addition -->
