<?xml version="1.0" encoding="UTF-8"?>
<!-- Generated by org.testng.reporters.JUnitReportReporter -->
<testsuite hostname="5CG1373SWW" failures="0" tests="1" name="Testcases.Sample31" time="0.406" errors="0" timestamp="2022-01-19T22:40:52 IST" skipped="0">
  <testcase classname="Testcases.Sample31" name="Testing1" time="0.406"/>
  <system-out>
    <![CDATA[Google
https://www.google.com/]]>
  </system-out>
</testsuite> <!-- Testcases.Sample31 -->
